2026-04-04T19:43:25.890+0300	INFO	cmd/main.go:37	start init logs
2026-04-04T19:43:25.891+0300	INFO	cmd/main.go:45	start init db
2026-04-04T19:43:30.655+0300	DEBUG	compute/compute.go:27	start parsing	{"query": "GET 123123"}
2026-04-04T19:43:30.655+0300	INFO	compute/compute.go:47	failed GET (key not found)	{"error": "Key not exists", "key": "123123"}
2026-04-04T19:43:39.060+0300	DEBUG	compute/compute.go:27	start parsing	{"query": "SET 123 123"}
2026-04-04T19:43:46.427+0300	DEBUG	compute/compute.go:27	start parsing	{"query": "SET 123 123"}
2026-04-04T19:43:46.428+0300	ERROR	compute/compute.go:39	failed SET	{"error": "Key already exist", "key": "123"}
in-memory/internal/compute.(*Compute).HandleQuery
	/Users/pokofon/Downloads/memory-repo/Repo-in-memory/internal/compute/compute.go:39
main.main
	/Users/pokofon/Downloads/memory-repo/Repo-in-memory/cmd/main.go:65
runtime.main
	/usr/local/go/src/runtime/proc.go:285
2026-04-04T19:44:05.441+0300	DEBUG	compute/compute.go:27	start parsing	{"query": "GEt 123"}
2026-04-04T19:44:05.441+0300	WARN	compute/compute.go:31	Invalid query syntax	{"error": "invalid command", "query": "GEt 123"}
in-memory/internal/compute.(*Compute).HandleQuery
	/Users/pokofon/Downloads/memory-repo/Repo-in-memory/internal/compute/compute.go:31
main.main
	/Users/pokofon/Downloads/memory-repo/Repo-in-memory/cmd/main.go:65
runtime.main
	/usr/local/go/src/runtime/proc.go:285
2026-04-04T19:44:10.798+0300	DEBUG	compute/compute.go:27	start parsing	{"query": "GET 123"}
2026-04-04T19:44:36.194+0300	INFO	cmd/main.go:61	end of work db
